::1 - - [06/Mar/2024:15:30:17 +0500] "GET /index.php HTTP/1.1" 404 196
::1 - - [06/Mar/2024:15:30:18 +0500] "GET /index.php HTTP/1.1" 404 196
::1 - - [06/Mar/2024:15:30:18 +0500] "GET /index.php HTTP/1.1" 404 196
::1 - - [06/Mar/2024:15:30:19 +0500] "GET /index.php HTTP/1.1" 404 196
::1 - - [06/Mar/2024:15:30:43 +0500] "GET /index.php HTTP/1.1" 404 196
::1 - - [06/Mar/2024:15:30:52 +0500] "GET / HTTP/1.1" 200 303
::1 - - [06/Mar/2024:15:30:57 +0500] "GET /access.log HTTP/1.1" 200 423
::1 - - [06/Mar/2024:15:30:59 +0500] "GET /index.php.txt HTTP/1.1" 200 21
::1 - - [06/Mar/2024:15:31:30 +0500] "GET / HTTP/1.1" 200 303
::1 - - [06/Mar/2024:15:32:25 +0500] "GET / HTTP/1.1" 200 1184
::1 - - [06/Mar/2024:15:32:25 +0500] "GET /css/style.css HTTP/1.1" 404 196
::1 - - [06/Mar/2024:15:32:30 +0500] "GET /css/style.css HTTP/1.1" 404 196
::1 - - [06/Mar/2024:15:33:40 +0500] "GET / HTTP/1.1" 200 457
::1 - - [06/Mar/2024:15:33:40 +0500] "GET /css/style.css HTTP/1.1" 404 196
::1 - - [06/Mar/2024:15:34:23 +0500] "GET / HTTP/1.1" 200 2578
::1 - - [06/Mar/2024:15:34:28 +0500] "GET /index.php HTTP/1.1" 200 2578
::1 - - [06/Mar/2024:15:34:29 +0500] "GET /sign-up.php HTTP/1.1" 200 3201
::1 - - [06/Mar/2024:15:34:29 +0500] "GET /css/style.css HTTP/1.1" 404 196
::1 - - [06/Mar/2024:15:34:34 +0500] "GET /sign-up.php HTTP/1.1" 200 3201
::1 - - [06/Mar/2024:15:34:34 +0500] "GET /css/style.css HTTP/1.1" 404 196
::1 - - [06/Mar/2024:15:34:34 +0500] "GET /sign-in.php HTTP/1.1" 200 3088
::1 - - [06/Mar/2024:15:34:34 +0500] "GET /css/style.css HTTP/1.1" 404 196
::1 - - [06/Mar/2024:15:34:36 +0500] "GET /sign-up.php HTTP/1.1" 200 3201
::1 - - [06/Mar/2024:15:34:36 +0500] "GET /css/style.css HTTP/1.1" 404 196
::1 - - [06/Mar/2024:15:35:21 +0500] "GET /sign-up.php HTTP/1.1" 200 3201
::1 - - [06/Mar/2024:15:35:21 +0500] "GET /css/style.css HTTP/1.1" 404 196
::1 - - [06/Mar/2024:15:35:23 +0500] "GET / HTTP/1.1" 200 2578
::1 - - [06/Mar/2024:16:21:39 +0500] "GET / HTTP/1.1" 200 523
::1 - - [06/Mar/2024:16:21:58 +0500] "GET / HTTP/1.1" 200 2999
::1 - - [06/Mar/2024:16:23:27 +0500] "GET / HTTP/1.1" 200 2579
::1 - - [06/Mar/2024:16:23:36 +0500] "GET / HTTP/1.1" 200 3004
::1 - - [06/Mar/2024:16:23:48 +0500] "GET / HTTP/1.1" 200 1138
::1 - - [06/Mar/2024:16:24:08 +0500] "GET / HTTP/1.1" 200 3004
::1 - - [06/Mar/2024:16:24:20 +0500] "GET / HTTP/1.1" 200 2999
::1 - - [06/Mar/2024:16:25:39 +0500] "GET / HTTP/1.1" 200 2999
::1 - - [06/Mar/2024:16:25:52 +0500] "GET / HTTP/1.1" 200 53225
::1 - - [06/Mar/2024:16:29:07 +0500] "GET / HTTP/1.1" 200 137
::1 - - [06/Mar/2024:16:29:10 +0500] "GET / HTTP/1.1" 200 137
127.0.0.1 - - [06/Mar/2024:16:30:07 +0500] "-" 408 -
::1 - - [06/Mar/2024:16:33:59 +0500] "GET / HTTP/1.1" 200 136
::1 - - [06/Mar/2024:16:34:10 +0500] "GET / HTTP/1.1" 200 136
::1 - - [06/Mar/2024:16:34:11 +0500] "GET / HTTP/1.1" 200 136
::1 - - [06/Mar/2024:16:35:35 +0500] "GET / HTTP/1.1" 200 136
::1 - - [06/Mar/2024:16:35:36 +0500] "GET / HTTP/1.1" 200 136
::1 - - [06/Mar/2024:16:35:36 +0500] "GET / HTTP/1.1" 200 136
::1 - - [06/Mar/2024:16:35:36 +0500] "GET / HTTP/1.1" 200 136
::1 - - [06/Mar/2024:16:36:03 +0500] "GET / HTTP/1.1" 200 136
::1 - - [06/Mar/2024:16:36:03 +0500] "GET / HTTP/1.1" 200 136
::1 - - [06/Mar/2024:16:36:04 +0500] "GET / HTTP/1.1" 200 136
::1 - - [06/Mar/2024:16:36:04 +0500] "GET / HTTP/1.1" 200 136
::1 - - [06/Mar/2024:16:36:24 +0500] "GET / HTTP/1.1" 200 136
::1 - - [06/Mar/2024:16:36:24 +0500] "GET / HTTP/1.1" 200 136
::1 - - [06/Mar/2024:16:36:24 +0500] "GET / HTTP/1.1" 200 136
::1 - - [06/Mar/2024:16:36:25 +0500] "GET / HTTP/1.1" 200 136
::1 - - [06/Mar/2024:16:36:25 +0500] "GET / HTTP/1.1" 200 136
127.0.0.1 - - [06/Mar/2024:16:36:36 +0500] "GET / HTTP/1.1" 200 136
127.0.0.1 - - [06/Mar/2024:16:36:37 +0500] "GET / HTTP/1.1" 200 136
127.0.0.1 - - [06/Mar/2024:16:36:53 +0500] "GET / HTTP/1.1" 200 136
127.0.0.1 - - [06/Mar/2024:16:36:54 +0500] "GET / HTTP/1.1" 200 136
::1 - - [06/Mar/2024:16:37:02 +0500] "GET / HTTP/1.1" 200 2682
::1 - - [06/Mar/2024:16:37:30 +0500] "GET / HTTP/1.1" 200 53965
::1 - - [06/Mar/2024:16:38:03 +0500] "GET / HTTP/1.1" 200 55540
::1 - - [06/Mar/2024:16:38:28 +0500] "GET / HTTP/1.1" 200 55540
::1 - - [06/Mar/2024:16:38:29 +0500] "GET / HTTP/1.1" 200 55540
::1 - - [06/Mar/2024:16:38:31 +0500] "GET / HTTP/1.1" 200 55540
::1 - - [06/Mar/2024:16:38:31 +0500] "GET / HTTP/1.1" 200 55540
::1 - - [06/Mar/2024:16:38:32 +0500] "GET / HTTP/1.1" 200 55540
::1 - - [06/Mar/2024:16:38:33 +0500] "GET / HTTP/1.1" 200 55540
::1 - - [06/Mar/2024:16:38:34 +0500] "GET / HTTP/1.1" 200 55540
::1 - - [06/Mar/2024:17:30:31 +0500] "GET / HTTP/1.1" 200 55629
127.0.0.1 - - [06/Mar/2024:17:33:32 +0500] "\x16\x03\x01\x02:\x01" 400 226
127.0.0.1 - - [06/Mar/2024:17:33:32 +0500] "\x16\x03\x01\x02:\x01" 400 226
::1 - - [06/Mar/2024:17:58:12 +0500] "GET / HTTP/1.1" 200 55661
::1 - - [06/Mar/2024:17:58:39 +0500] "GET / HTTP/1.1" 200 2624
::1 - - [06/Mar/2024:18:00:05 +0500] "GET / HTTP/1.1" 200 128609
::1 - - [06/Mar/2024:18:05:20 +0500] "GET / HTTP/1.1" 200 2868
::1 - - [06/Mar/2024:18:05:39 +0500] "GET / HTTP/1.1" 200 2880
::1 - - [06/Mar/2024:18:06:31 +0500] "GET / HTTP/1.1" 200 2883
::1 - - [06/Mar/2024:18:06:35 +0500] "GET / HTTP/1.1" 200 128606
::1 - - [06/Mar/2024:18:06:38 +0500] "GET / HTTP/1.1" 200 128606
::1 - - [06/Mar/2024:18:08:07 +0500] "GET / HTTP/1.1" 200 2880
::1 - - [06/Mar/2024:18:08:18 +0500] "GET / HTTP/1.1" 200 2880
::1 - - [06/Mar/2024:18:08:18 +0500] "GET / HTTP/1.1" 200 2880
::1 - - [06/Mar/2024:18:08:19 +0500] "GET / HTTP/1.1" 200 2880
::1 - - [06/Mar/2024:18:08:19 +0500] "GET / HTTP/1.1" 200 2880
::1 - - [06/Mar/2024:18:09:30 +0500] "GET / HTTP/1.1" 200 3179
::1 - - [06/Mar/2024:18:15:42 +0500] "GET / HTTP/1.1" 200 3535
::1 - - [06/Mar/2024:18:18:20 +0500] "GET / HTTP/1.1" 200 3529
::1 - - [06/Mar/2024:18:18:20 +0500] "GET / HTTP/1.1" 200 3529
::1 - - [06/Mar/2024:18:18:21 +0500] "GET / HTTP/1.1" 200 3529
::1 - - [06/Mar/2024:18:18:21 +0500] "GET / HTTP/1.1" 200 3529
::1 - - [06/Mar/2024:18:19:28 +0500] "GET / HTTP/1.1" 200 3531
::1 - - [06/Mar/2024:18:19:29 +0500] "GET / HTTP/1.1" 200 3531
::1 - - [06/Mar/2024:18:21:49 +0500] "GET / HTTP/1.1" 200 3531
::1 - - [06/Mar/2024:18:21:50 +0500] "GET / HTTP/1.1" 200 3531
::1 - - [06/Mar/2024:18:21:51 +0500] "GET / HTTP/1.1" 200 3531
::1 - - [06/Mar/2024:18:21:51 +0500] "GET / HTTP/1.1" 200 3531
::1 - - [06/Mar/2024:18:24:42 +0500] "GET / HTTP/1.1" 200 3532
::1 - - [06/Mar/2024:18:24:43 +0500] "GET / HTTP/1.1" 200 3532
::1 - - [06/Mar/2024:18:25:12 +0500] "GET / HTTP/1.1" 200 3533
::1 - - [06/Mar/2024:18:25:14 +0500] "GET / HTTP/1.1" 200 3533
::1 - - [06/Mar/2024:22:38:20 +0500] "GET / HTTP/1.1" 200 4071
::1 - - [06/Mar/2024:22:42:58 +0500] "GET / HTTP/1.1" 200 3419
::1 - - [06/Mar/2024:22:45:31 +0500] "GET / HTTP/1.1" 200 4582
::1 - - [06/Mar/2024:22:46:17 +0500] "GET / HTTP/1.1" 200 4358
::1 - - [06/Mar/2024:22:46:39 +0500] "GET / HTTP/1.1" 200 3013
::1 - - [06/Mar/2024:22:47:15 +0500] "GET / HTTP/1.1" 200 3052
::1 - - [06/Mar/2024:22:49:33 +0500] "GET / HTTP/1.1" 200 3006
::1 - - [06/Mar/2024:22:51:01 +0500] "GET / HTTP/1.1" 200 3015
::1 - - [06/Mar/2024:22:51:34 +0500] "GET / HTTP/1.1" 200 3006
::1 - - [06/Mar/2024:22:53:34 +0500] "GET / HTTP/1.1" 200 2997
::1 - - [06/Mar/2024:22:53:55 +0500] "GET / HTTP/1.1" 200 2997
::1 - - [06/Mar/2024:23:29:11 +0500] "GET / HTTP/1.1" 200 2946
::1 - - [06/Mar/2024:23:44:37 +0500] "GET / HTTP/1.1" 200 1240
::1 - - [07/Mar/2024:00:16:26 +0500] "GET / HTTP/1.1" 200 1334
::1 - - [07/Mar/2024:00:17:34 +0500] "GET / HTTP/1.1" 200 1333
::1 - - [07/Mar/2024:00:18:46 +0500] "GET / HTTP/1.1" 200 1333
::1 - - [07/Mar/2024:00:20:32 +0500] "GET / HTTP/1.1" 200 2638
::1 - - [07/Mar/2024:00:22:44 +0500] "GET / HTTP/1.1" 200 2638
::1 - - [07/Mar/2024:01:13:50 +0500] "GET / HTTP/1.1" 200 2638
::1 - - [07/Mar/2024:01:14:30 +0500] "GET / HTTP/1.1" 200 2672
::1 - - [07/Mar/2024:01:15:28 +0500] "GET / HTTP/1.1" 200 4048
::1 - - [07/Mar/2024:01:16:30 +0500] "GET / HTTP/1.1" 200 2688
::1 - - [07/Mar/2024:01:17:22 +0500] "GET / HTTP/1.1" 200 2693
::1 - - [07/Mar/2024:01:17:27 +0500] "GET / HTTP/1.1" 200 2693
::1 - - [07/Mar/2024:01:18:06 +0500] "GET / HTTP/1.1" 200 1019
::1 - - [07/Mar/2024:01:26:22 +0500] "GET / HTTP/1.1" 200 1019
::1 - - [07/Mar/2024:01:27:21 +0500] "GET / HTTP/1.1" 200 1204
::1 - - [07/Mar/2024:01:27:28 +0500] "GET /exit.php HTTP/1.1" 302 383
::1 - - [07/Mar/2024:01:27:28 +0500] "GET / HTTP/1.1" 200 1204
::1 - - [07/Mar/2024:01:27:52 +0500] "GET / HTTP/1.1" 200 571
::1 - - [07/Mar/2024:01:27:57 +0500] "GET / HTTP/1.1" 200 1139
::1 - - [07/Mar/2024:01:28:11 +0500] "GET / HTTP/1.1" 200 1134
::1 - - [07/Mar/2024:01:29:21 +0500] "GET /sign-up.php HTTP/1.1" 200 1628
::1 - - [07/Mar/2024:01:29:21 +0500] "GET /css/style.css HTTP/1.1" 404 196
::1 - - [07/Mar/2024:01:29:41 +0500] "GET /sign-up.php HTTP/1.1" 200 1576
::1 - - [07/Mar/2024:01:29:54 +0500] "POST /check.php HTTP/1.1" 200 787
::1 - - [07/Mar/2024:01:32:12 +0500] "POST /check.php HTTP/1.1" 302 387
::1 - - [07/Mar/2024:01:32:12 +0500] "GET / HTTP/1.1" 200 1019
::1 - - [07/Mar/2024:01:32:14 +0500] "GET /sign-up.php HTTP/1.1" 200 1576
::1 - - [07/Mar/2024:01:32:17 +0500] "POST /check.php HTTP/1.1" 302 387
::1 - - [07/Mar/2024:01:32:17 +0500] "GET / HTTP/1.1" 200 1019
::1 - - [07/Mar/2024:01:32:23 +0500] "GET /sign-in.php HTTP/1.1" 200 1455
::1 - - [07/Mar/2024:01:32:25 +0500] "POST /auth.php HTTP/1.1" 302 256
::1 - - [07/Mar/2024:01:32:25 +0500] "GET / HTTP/1.1" 200 1106
::1 - - [07/Mar/2024:01:32:30 +0500] "GET /index.php HTTP/1.1" 200 1106
::1 - - [07/Mar/2024:01:32:32 +0500] "GET /create-news.php HTTP/1.1" 404 196
::1 - - [07/Mar/2024:01:34:22 +0500] "GET /index.php HTTP/1.1" 200 1025
::1 - - [07/Mar/2024:01:34:26 +0500] "GET /api.php HTTP/1.1" 200 1025
::1 - - [07/Mar/2024:01:34:25 +0500] "GET /index.php HTTP/1.1" 200 1025
::1 - - [07/Mar/2024:01:34:32 +0500] "GET /sign-up.php HTTP/1.1" 200 1582
::1 - - [07/Mar/2024:01:34:34 +0500] "GET /api.php HTTP/1.1" 200 1025
::1 - - [07/Mar/2024:01:35:02 +0500] "GET /api.php HTTP/1.1" 200 1025
::1 - - [07/Mar/2024:01:35:03 +0500] "GET /api.php HTTP/1.1" 200 1025
::1 - - [07/Mar/2024:01:35:04 +0500] "GET /exit.php HTTP/1.1" 302 383
::1 - - [07/Mar/2024:01:35:04 +0500] "GET / HTTP/1.1" 200 1019
::1 - - [07/Mar/2024:01:35:10 +0500] "GET /sign-in.php HTTP/1.1" 200 1455
::1 - - [07/Mar/2024:01:35:11 +0500] "POST /auth.php HTTP/1.1" 302 256
::1 - - [07/Mar/2024:01:35:12 +0500] "GET / HTTP/1.1" 200 1025
::1 - - [07/Mar/2024:01:35:16 +0500] "GET /exit.php HTTP/1.1" 302 383
::1 - - [07/Mar/2024:01:35:16 +0500] "GET / HTTP/1.1" 200 1019
::1 - - [07/Mar/2024:01:35:17 +0500] "GET /sign-in.php HTTP/1.1" 200 1455
::1 - - [07/Mar/2024:01:35:19 +0500] "POST /auth.php HTTP/1.1" 302 256
::1 - - [07/Mar/2024:01:35:20 +0500] "GET / HTTP/1.1" 200 1025
::1 - - [07/Mar/2024:01:36:08 +0500] "GET / HTTP/1.1" 200 1029
::1 - - [07/Mar/2024:01:36:10 +0500] "GET / HTTP/1.1" 200 1029
::1 - - [07/Mar/2024:01:36:13 +0500] "GET /exit.php HTTP/1.1" 302 383
::1 - - [07/Mar/2024:01:36:13 +0500] "GET / HTTP/1.1" 200 1134
::1 - - [07/Mar/2024:01:37:39 +0500] "GET / HTTP/1.1" 200 1137
::1 - - [07/Mar/2024:01:38:30 +0500] "GET / HTTP/1.1" 200 904
::1 - - [07/Mar/2024:01:38:37 +0500] "GET /sign-in.php HTTP/1.1" 200 1340
::1 - - [07/Mar/2024:01:38:40 +0500] "POST /auth.php HTTP/1.1" 302 256
::1 - - [07/Mar/2024:01:38:40 +0500] "GET / HTTP/1.1" 200 1025
::1 - - [07/Mar/2024:01:38:50 +0500] "GET /api.php HTTP/1.1" 200 1025
::1 - - [07/Mar/2024:01:38:49 +0500] "GET /index.php HTTP/1.1" 200 1025
::1 - - [07/Mar/2024:01:39:28 +0500] "GET /api.php HTTP/1.1" 200 1025
::1 - - [07/Mar/2024:01:39:29 +0500] "GET /index.php HTTP/1.1" 200 1025
::1 - - [07/Mar/2024:02:30:36 +0500] "GET /index.php HTTP/1.1" 200 1025
::1 - - [07/Mar/2024:02:30:43 +0500] "GET /index.php HTTP/1.1" 200 1025
::1 - - [07/Mar/2024:02:30:45 +0500] "GET /favicon.ico HTTP/1.1" 404 196
::1 - - [07/Mar/2024:02:30:47 +0500] "GET /exit.php HTTP/1.1" 302 383
::1 - - [07/Mar/2024:02:30:47 +0500] "GET / HTTP/1.1" 200 904
::1 - - [07/Mar/2024:02:30:50 +0500] "GET / HTTP/1.1" 200 904
::1 - - [07/Mar/2024:02:30:54 +0500] "GET / HTTP/1.1" 200 904
::1 - - [07/Mar/2024:02:31:00 +0500] "GET /sign-in.php HTTP/1.1" 200 1340
::1 - - [07/Mar/2024:02:31:02 +0500] "GET /sign-up.php HTTP/1.1" 200 1461
::1 - - [07/Mar/2024:02:31:08 +0500] "POST /check.php HTTP/1.1" 302 387
::1 - - [07/Mar/2024:02:31:08 +0500] "GET / HTTP/1.1" 200 904
::1 - - [07/Mar/2024:02:31:16 +0500] "GET /sign-in.php HTTP/1.1" 200 1340
::1 - - [07/Mar/2024:02:31:18 +0500] "POST /auth.php HTTP/1.1" 200 309
::1 - - [07/Mar/2024:02:31:26 +0500] "POST /auth.php HTTP/1.1" 302 256
::1 - - [07/Mar/2024:02:31:27 +0500] "GET / HTTP/1.1" 200 1033
::1 - - [07/Mar/2024:02:36:41 +0500] "GET / HTTP/1.1" 200 1033
::1 - - [07/Mar/2024:02:36:42 +0500] "GET /api.php HTTP/1.1" 200 1301
::1 - - [07/Mar/2024:02:37:04 +0500] "GET /api.php HTTP/1.1" 200 19718
::1 - - [07/Mar/2024:02:37:25 +0500] "GET /api.php HTTP/1.1" 200 19718
::1 - - [07/Mar/2024:02:59:10 +0500] "GET /api.php HTTP/1.1" 200 1339
::1 - - [07/Mar/2024:02:59:38 +0500] "GET /api.php HTTP/1.1" 200 1393
::1 - - [07/Mar/2024:02:59:44 +0500] "GET /api.php HTTP/1.1" 200 1382
::1 - - [07/Mar/2024:02:59:45 +0500] "GET /api.php HTTP/1.1" 200 1382
::1 - - [07/Mar/2024:02:59:46 +0500] "GET /api.php HTTP/1.1" 200 1382
::1 - - [07/Mar/2024:02:59:46 +0500] "GET /api.php HTTP/1.1" 200 1382
::1 - - [07/Mar/2024:02:59:46 +0500] "GET /api.php HTTP/1.1" 200 1382
::1 - - [07/Mar/2024:02:59:52 +0500] "GET /api.php HTTP/1.1" 200 1388
::1 - - [07/Mar/2024:02:59:57 +0500] "GET /api.php HTTP/1.1" 200 1377
::1 - - [07/Mar/2024:03:00:09 +0500] "GET /api.php HTTP/1.1" 200 1410
::1 - - [07/Mar/2024:03:00:13 +0500] "GET /api.php HTTP/1.1" 200 1410
::1 - - [07/Mar/2024:03:00:25 +0500] "GET /api.php HTTP/1.1" 200 1430
::1 - - [07/Mar/2024:03:00:35 +0500] "GET /api.php HTTP/1.1" 200 1430
::1 - - [07/Mar/2024:03:00:39 +0500] "GET /api.php HTTP/1.1" 200 1430
::1 - - [07/Mar/2024:03:00:45 +0500] "GET /api.php HTTP/1.1" 200 1426
::1 - - [07/Mar/2024:03:01:50 +0500] "GET /api.php HTTP/1.1" 200 1421
::1 - - [07/Mar/2024:03:01:58 +0500] "GET /api.php HTTP/1.1" 200 1427
::1 - - [07/Mar/2024:03:02:01 +0500] "GET /api.php HTTP/1.1" 200 1427
::1 - - [07/Mar/2024:03:02:13 +0500] "GET /api.php HTTP/1.1" 200 1424
::1 - - [07/Mar/2024:03:02:21 +0500] "GET /api.php HTTP/1.1" 200 1427
::1 - - [07/Mar/2024:03:02:22 +0500] "GET /index.php HTTP/1.1" 200 1033
::1 - - [07/Mar/2024:03:03:48 +0500] "GET /api.php HTTP/1.1" 200 1461
::1 - - [07/Mar/2024:03:03:49 +0500] "GET /weather?source=Yandex HTTP/1.1" 404 196
::1 - - [07/Mar/2024:03:06:11 +0500] "GET /weather?source=Yandex HTTP/1.1" 404 196
::1 - - [07/Mar/2024:03:07:20 +0500] "GET /weather?source=Yandex HTTP/1.1" 404 196
::1 - - [07/Mar/2024:03:07:21 +0500] "GET /weather?source=Yandex HTTP/1.1" 404 196
::1 - - [07/Mar/2024:03:07:21 +0500] "GET /weather?source=Yandex HTTP/1.1" 404 196
::1 - - [07/Mar/2024:03:07:21 +0500] "GET /weather?source=Yandex HTTP/1.1" 404 196
::1 - - [07/Mar/2024:03:07:21 +0500] "GET /weather?source=Yandex HTTP/1.1" 404 196
::1 - - [07/Mar/2024:03:07:21 +0500] "GET /weather?source=Yandex HTTP/1.1" 404 196
::1 - - [07/Mar/2024:03:07:43 +0500] "GET / HTTP/1.1" 200 1027
::1 - - [07/Mar/2024:03:07:47 +0500] "GET /api.php HTTP/1.1" 200 1461
::1 - - [07/Mar/2024:03:07:49 +0500] "GET /weather?source=all HTTP/1.1" 404 196
::1 - - [07/Mar/2024:03:07:51 +0500] "GET /weather?source=Yandex HTTP/1.1" 404 196
::1 - - [07/Mar/2024:03:07:53 +0500] "GET /weather?source=OpenWeatherMap HTTP/1.1" 404 196
::1 - - [07/Mar/2024:03:08:41 +0500] "GET /weather?source=OpenWeatherMap HTTP/1.1" 404 196
::1 - - [07/Mar/2024:03:08:42 +0500] "GET /weather?source=OpenWeatherMap HTTP/1.1" 404 196
::1 - - [07/Mar/2024:03:08:42 +0500] "GET /weather?source=OpenWeatherMap HTTP/1.1" 404 196
::1 - - [07/Mar/2024:03:08:44 +0500] "GET /weather?source=Yandex HTTP/1.1" 404 196
::1 - - [07/Mar/2024:03:08:45 +0500] "GET /api.php HTTP/1.1" 200 1473
::1 - - [07/Mar/2024:03:08:46 +0500] "GET /weather.php?source=Yandex HTTP/1.1" 200 134
::1 - - [07/Mar/2024:03:08:56 +0500] "GET /weather.php?source=Yandex HTTP/1.1" 200 134
::1 - - [07/Mar/2024:03:09:14 +0500] "GET /weather?source=Yandex HTTP/1.1" 404 196
::1 - - [07/Mar/2024:03:11:45 +0500] "GET /weather?source=Yandex HTTP/1.1" 404 196
::1 - - [07/Mar/2024:03:11:48 +0500] "GET /api.php HTTP/1.1" 200 1461
::1 - - [07/Mar/2024:03:11:49 +0500] "GET /api.php HTTP/1.1" 200 1461
::1 - - [07/Mar/2024:03:11:49 +0500] "GET /api.php HTTP/1.1" 200 1461
::1 - - [07/Mar/2024:03:11:49 +0500] "GET /weather?source=Yandex HTTP/1.1" 404 196
::1 - - [07/Mar/2024:03:18:29 +0500] "GET /api.php HTTP/1.1" 200 1461
::1 - - [07/Mar/2024:03:18:30 +0500] "GET /api.php HTTP/1.1" 200 1461
::1 - - [07/Mar/2024:03:18:31 +0500] "GET /weather?source=Yandex HTTP/1.1" 404 196
::1 - - [07/Mar/2024:03:18:34 +0500] "GET /weather?source=OpenWeatherMap HTTP/1.1" 404 196
::1 - - [07/Mar/2024:03:18:38 +0500] "GET /weather?source=all HTTP/1.1" 404 196
::1 - - [07/Mar/2024:03:18:40 +0500] "GET /weather?source=Yandex HTTP/1.1" 404 196
::1 - - [07/Mar/2024:03:19:39 +0500] "GET /weather HTTP/1.1" 404 196
::1 - - [07/Mar/2024:03:19:44 +0500] "GET /weather.php HTTP/1.1" 200 36
::1 - - [07/Mar/2024:03:21:50 +0500] "GET /weather.php HTTP/1.1" 200 36
::1 - - [07/Mar/2024:03:21:51 +0500] "GET /weather.php HTTP/1.1" 200 36
::1 - - [07/Mar/2024:03:21:51 +0500] "GET /weather.php HTTP/1.1" 200 36
::1 - - [07/Mar/2024:03:22:08 +0500] "GET / HTTP/1.1" 200 1027
::1 - - [07/Mar/2024:03:22:13 +0500] "GET /weather HTTP/1.1" 200 36
::1 - - [07/Mar/2024:03:23:07 +0500] "GET /weather HTTP/1.1" 404 196
::1 - - [07/Mar/2024:03:23:08 +0500] "GET /weather HTTP/1.1" 404 196
::1 - - [07/Mar/2024:03:23:09 +0500] "GET /weather HTTP/1.1" 404 196
::1 - - [07/Mar/2024:03:23:09 +0500] "GET /weather HTTP/1.1" 404 196
::1 - - [07/Mar/2024:03:23:13 +0500] "GET /weather.php HTTP/1.1" 200 36
::1 - - [07/Mar/2024:03:24:06 +0500] "GET /weather.php HTTP/1.1" 200 36
::1 - - [07/Mar/2024:03:24:06 +0500] "GET /weather.php HTTP/1.1" 200 36
::1 - - [07/Mar/2024:03:24:06 +0500] "GET /weather.php HTTP/1.1" 200 36
::1 - - [07/Mar/2024:03:24:07 +0500] "GET /weather.php HTTP/1.1" 200 36
::1 - - [07/Mar/2024:03:24:08 +0500] "GET /weather HTTP/1.1" 200 36
::1 - - [07/Mar/2024:03:24:10 +0500] "GET /weather HTTP/1.1" 200 36
::1 - - [07/Mar/2024:03:24:10 +0500] "GET /weather HTTP/1.1" 200 36
::1 - - [07/Mar/2024:03:24:10 +0500] "GET /weather HTTP/1.1" 200 36
::1 - - [07/Mar/2024:03:24:18 +0500] "GET / HTTP/1.1" 200 1027
::1 - - [07/Mar/2024:03:24:23 +0500] "GET /api HTTP/1.1" 200 1461
::1 - - [07/Mar/2024:03:24:25 +0500] "GET /api.php HTTP/1.1" 200 1461
::1 - - [07/Mar/2024:03:25:02 +0500] "GET /api.php HTTP/1.1" 200 1461
::1 - - [07/Mar/2024:03:25:18 +0500] "GET /api.php HTTP/1.1" 200 1449
::1 - - [07/Mar/2024:03:25:18 +0500] "GET /api.php HTTP/1.1" 200 1449
::1 - - [07/Mar/2024:03:25:19 +0500] "GET /exit HTTP/1.1" 302 383
::1 - - [07/Mar/2024:03:25:19 +0500] "GET / HTTP/1.1" 200 886
::1 - - [07/Mar/2024:03:25:23 +0500] "GET /sign-up HTTP/1.1" 200 1449
::1 - - [07/Mar/2024:03:25:26 +0500] "GET /sign-in HTTP/1.1" 200 1328
::1 - - [07/Mar/2024:03:25:27 +0500] "POST /auth.php HTTP/1.1" 302 256
::1 - - [07/Mar/2024:03:25:28 +0500] "GET / HTTP/1.1" 200 1015
::1 - - [07/Mar/2024:03:25:31 +0500] "GET /api HTTP/1.1" 200 1449
::1 - - [07/Mar/2024:03:25:32 +0500] "GET /weather?source=Yandex HTTP/1.1" 200 134
::1 - - [07/Mar/2024:03:33:16 +0500] "GET /weather?source=Yandex HTTP/1.1" 200 2
::1 - - [07/Mar/2024:03:36:06 +0500] "GET /weather?source=Yandex HTTP/1.1" 200 2
::1 - - [07/Mar/2024:03:36:07 +0500] "GET /weather?source=Yandex HTTP/1.1" 200 2
::1 - - [07/Mar/2024:03:36:13 +0500] "GET /weather?source=Yandex HTTP/1.1" 200 2
::1 - - [07/Mar/2024:03:36:15 +0500] "GET /weather?source=Yandex HTTP/1.1" 200 2
::1 - - [07/Mar/2024:03:36:20 +0500] "GET /weather?source=Yandex HTTP/1.1" 200 2
::1 - - [07/Mar/2024:03:36:23 +0500] "GET /api HTTP/1.1" 200 1449
::1 - - [07/Mar/2024:03:36:24 +0500] "GET /weather?source=yandex HTTP/1.1" 200 15756
::1 - - [07/Mar/2024:03:36:26 +0500] "GET /weather?source=openWeatherMap HTTP/1.1" 200 16600
::1 - - [07/Mar/2024:03:36:30 +0500] "GET /weather?source=all HTTP/1.1" 200 250
::1 - - [07/Mar/2024:03:37:30 +0500] "GET /weather?source=all HTTP/1.1" 200 359
::1 - - [07/Mar/2024:03:38:53 +0500] "GET /weather?source=all HTTP/1.1" 200 32354
::1 - - [07/Mar/2024:03:39:12 +0500] "GET / HTTP/1.1" 200 1015
::1 - - [07/Mar/2024:03:39:38 +0500] "GET /api HTTP/1.1" 200 1456
::1 - - [07/Mar/2024:03:39:39 +0500] "GET /api HTTP/1.1" 200 1456
::1 - - [07/Mar/2024:03:39:39 +0500] "GET /weather?source=yandex HTTP/1.1" 200 16103
::1 - - [07/Mar/2024:03:40:14 +0500] "GET /api HTTP/1.1" 200 1465
::1 - - [07/Mar/2024:03:40:15 +0500] "GET /weather?source=yandex HTTP/1.1" 200 16103
::1 - - [07/Mar/2024:03:40:25 +0500] "GET /api HTTP/1.1" 200 1497
::1 - - [07/Mar/2024:03:40:25 +0500] "GET /weather?source=yandex HTTP/1.1" 200 16103
::1 - - [07/Mar/2024:03:40:28 +0500] "GET /weather?source=openWeatherMap HTTP/1.1" 200 16968
::1 - - [07/Mar/2024:03:40:31 +0500] "GET /weather?source=all HTTP/1.1" 200 33069
::1 - - [07/Mar/2024:03:40:57 +0500] "GET /weather?source=yandex HTTP/1.1" 200 16103
::1 - - [07/Mar/2024:03:41:44 +0500] "GET /api HTTP/1.1" 200 1497
::1 - - [07/Mar/2024:03:41:45 +0500] "GET /weather?source=yandex HTTP/1.1" 200 16103
::1 - - [07/Mar/2024:03:41:58 +0500] "GET /weather?source=openWeatherMap HTTP/1.1" 200 16968
::1 - - [07/Mar/2024:03:41:59 +0500] "GET /weather?source=all HTTP/1.1" 200 33069
::1 - - [07/Mar/2024:03:42:07 +0500] "GET /weather?source=yandex HTTP/1.1" 200 16103
::1 - - [07/Mar/2024:03:45:16 +0500] "GET /api HTTP/1.1" 200 1497
::1 - - [07/Mar/2024:03:45:17 +0500] "GET /weather?source=yandex HTTP/1.1" 200 13619
::1 - - [07/Mar/2024:03:45:30 +0500] "GET /weather?source=all HTTP/1.1" 200 28101
::1 - - [07/Mar/2024:03:45:44 +0500] "GET /weather?source=openWeatherMap HTTP/1.1" 200 14484
::1 - - [07/Mar/2024:03:45:53 +0500] "GET /weather?source=yandex HTTP/1.1" 200 13619
::1 - - [07/Mar/2024:03:45:55 +0500] "GET /weather?source=all HTTP/1.1" 200 28101
::1 - - [07/Mar/2024:03:57:34 +0500] "GET /weather?source=yandex HTTP/1.1" 200 13619
::1 - - [07/Mar/2024:03:57:38 +0500] "GET /weather?source=openWeatherMap HTTP/1.1" 200 14484
::1 - - [07/Mar/2024:03:57:41 +0500] "GET /weather?source=all HTTP/1.1" 200 28101
::1 - - [07/Mar/2024:04:07:23 +0500] "GET /index HTTP/1.1" 200 1015
::1 - - [07/Mar/2024:04:07:26 +0500] "GET /api HTTP/1.1" 200 1497
::1 - - [07/Mar/2024:04:07:29 +0500] "GET /weather?source=yandex HTTP/1.1" 200 13914
::1 - - [08/Mar/2024:00:58:37 +0500] "GET / HTTP/1.1" 200 886
::1 - - [08/Mar/2024:00:58:38 +0500] "GET /favicon.ico HTTP/1.1" 404 196
::1 - - [08/Mar/2024:00:58:39 +0500] "GET /sign-in HTTP/1.1" 200 1328
::1 - - [08/Mar/2024:00:58:41 +0500] "POST /auth.php HTTP/1.1" 302 256
::1 - - [08/Mar/2024:00:58:42 +0500] "GET / HTTP/1.1" 200 1015
::1 - - [08/Mar/2024:00:58:45 +0500] "GET /api HTTP/1.1" 200 1497
::1 - - [08/Mar/2024:00:58:46 +0500] "GET /weather?source=yandex HTTP/1.1" 200 14508
::1 - - [08/Mar/2024:00:58:52 +0500] "GET /weather?source=yandex HTTP/1.1" 200 14508
::1 - - [08/Mar/2024:01:05:57 +0500] "GET /api HTTP/1.1" 200 1498
::1 - - [08/Mar/2024:01:06:07 +0500] "GET /api HTTP/1.1" 200 1510
::1 - - [08/Mar/2024:01:06:13 +0500] "GET /api HTTP/1.1" 200 1602
::1 - - [08/Mar/2024:01:12:02 +0500] "GET /exit HTTP/1.1" 302 383
::1 - - [08/Mar/2024:01:12:02 +0500] "GET / HTTP/1.1" 200 886
::1 - - [08/Mar/2024:01:12:10 +0500] "GET /sign-in HTTP/1.1" 200 1332
::1 - - [08/Mar/2024:01:12:11 +0500] "POST /auth.php HTTP/1.1" 302 256
::1 - - [08/Mar/2024:01:12:12 +0500] "GET / HTTP/1.1" 200 1015
::1 - - [08/Mar/2024:01:12:14 +0500] "GET /api HTTP/1.1" 200 1534
::1 - - [08/Mar/2024:01:16:14 +0500] "GET /exit HTTP/1.1" 302 383
::1 - - [08/Mar/2024:01:16:14 +0500] "GET / HTTP/1.1" 200 886
::1 - - [08/Mar/2024:01:16:17 +0500] "GET /api HTTP/1.1" 200 197
::1 - - [08/Mar/2024:01:18:51 +0500] "GET /api HTTP/1.1" 200 1382
::1 - - [08/Mar/2024:01:19:07 +0500] "GET /weather?source=yandex&token=$token HTTP/1.1" 200 15399
::1 - - [08/Mar/2024:01:19:26 +0500] "GET /api HTTP/1.1" 200 1395
::1 - - [08/Mar/2024:01:19:27 +0500] "GET /weather?source=yandex&token=%3Cphp?%20echo%20$token%20%3E HTTP/1.1" 200 15399
::1 - - [08/Mar/2024:01:20:13 +0500] "GET /api HTTP/1.1" 200 1494
::1 - - [08/Mar/2024:01:20:14 +0500] "GET /weather?source=openWeatherMap&token=53358abba527d2eadd1937d0301dfb51 HTTP/1.1" 200 16351
::1 - - [08/Mar/2024:01:20:17 +0500] "GET /weather?source=all&token=53358abba527d2eadd1937d0301dfb51 HTTP/1.1" 200 31748
::1 - - [08/Mar/2024:01:23:27 +0500] "GET /api HTTP/1.1" 200 1494
::1 - - [08/Mar/2024:01:23:28 +0500] "GET /api HTTP/1.1" 200 1494
::1 - - [08/Mar/2024:01:24:18 +0500] "GET /api HTTP/1.1" 200 1530
::1 - - [08/Mar/2024:01:24:19 +0500] "GET /api HTTP/1.1" 200 1530
::1 - - [08/Mar/2024:01:24:31 +0500] "GET /api HTTP/1.1" 200 1530
::1 - - [08/Mar/2024:01:25:21 +0500] "GET /api HTTP/1.1" 302 952
::1 - - [08/Mar/2024:01:25:21 +0500] "GET /sign-in.php HTTP/1.1" 200 1332
::1 - - [08/Mar/2024:01:25:28 +0500] "GET /api HTTP/1.1" 302 952
::1 - - [08/Mar/2024:01:25:28 +0500] "GET /sign-in.php HTTP/1.1" 200 1332
::1 - - [08/Mar/2024:01:25:34 +0500] "GET /sign-in.php HTTP/1.1" 200 1332
::1 - - [08/Mar/2024:01:25:52 +0500] "POST /auth.php HTTP/1.1" 302 256
::1 - - [08/Mar/2024:01:25:52 +0500] "GET / HTTP/1.1" 200 1015
::1 - - [08/Mar/2024:01:25:55 +0500] "GET /api HTTP/1.1" 200 1623
::1 - - [08/Mar/2024:01:25:57 +0500] "GET /weather?source=yandex&token=53358abba527d2eadd1937d0301dfb51 HTTP/1.1" 200 15696
::1 - - [08/Mar/2024:01:28:30 +0500] "GET /weather?source=yandex&token=53358abba527d2eadd1937d0301dfb51 HTTP/1.1" 200 15696
::1 - - [08/Mar/2024:01:39:36 +0500] "GET /api HTTP/1.1" 200 1623
::1 - - [08/Mar/2024:01:39:38 +0500] "GET /weather?source=yandex&token=53358abba527d2eadd1937d0301dfb51 HTTP/1.1" 200 15802
::1 - - [08/Mar/2024:01:40:59 +0500] "GET /api HTTP/1.1" 200 1623
::1 - - [08/Mar/2024:01:41:00 +0500] "GET /weather?source=yandex&token=53358abba527d2eadd1937d0301dfb51 HTTP/1.1" 200 106
::1 - - [08/Mar/2024:01:41:31 +0500] "GET /weather?source=yandex&token=53358abba527d2eadd1937d0301dfb51 HTTP/1.1" 200 143
::1 - - [08/Mar/2024:01:41:42 +0500] "GET /weather?source=yandex&token=53358abba527d2eadd1937d0301dfb51 HTTP/1.1" 200 107
::1 - - [08/Mar/2024:01:42:04 +0500] "GET /weather?source=yandex&token=53358abba527d2eadd1937d0301dfb51 HTTP/1.1" 200 144
::1 - - [08/Mar/2024:01:42:35 +0500] "GET /weather?source=yandex&token=53358abba527d2eadd1937d0301dfb51 HTTP/1.1" 200 15696
::1 - - [08/Mar/2024:01:42:41 +0500] "GET /exit HTTP/1.1" 302 383
::1 - - [08/Mar/2024:01:42:41 +0500] "GET / HTTP/1.1" 200 886
::1 - - [08/Mar/2024:01:42:44 +0500] "GET /weather?source=yandex&token=53358abba527d2eadd1937d0301dfb51 HTTP/1.1" 200 15993
::1 - - [08/Mar/2024:01:42:51 +0500] "GET /weather?source=yandex&token=53358abba527d2eadd1937d0301dfb51 HTTP/1.1" 200 15993
::1 - - [08/Mar/2024:01:42:53 +0500] "GET /weather?source=yandex&token=53358abba527d2eadd1937d0301dfb51 HTTP/1.1" 200 15993
::1 - - [08/Mar/2024:01:42:56 +0500] "GET / HTTP/1.1" 200 886
::1 - - [08/Mar/2024:01:42:58 +0500] "GET /sign-in HTTP/1.1" 200 1332
::1 - - [08/Mar/2024:01:44:02 +0500] "GET / HTTP/1.1" 200 886
::1 - - [08/Mar/2024:01:44:06 +0500] "GET /sign-in HTTP/1.1" 200 1332
::1 - - [08/Mar/2024:01:44:08 +0500] "POST /auth.php HTTP/1.1" 302 256
::1 - - [08/Mar/2024:01:44:08 +0500] "GET / HTTP/1.1" 200 1015
::1 - - [08/Mar/2024:01:44:11 +0500] "GET /api HTTP/1.1" 200 1623
::1 - - [08/Mar/2024:01:44:12 +0500] "GET /weather?source=yandex&token=53358abba527d2eadd1937d0301dfb51 HTTP/1.1" 200 16884
::1 - - [08/Mar/2024:01:44:16 +0500] "GET /exit HTTP/1.1" 302 766
::1 - - [08/Mar/2024:01:44:16 +0500] "GET / HTTP/1.1" 200 886
::1 - - [08/Mar/2024:01:44:18 +0500] "GET /weather?source=yandex&token=53358abba527d2eadd1937d0301dfb51 HTTP/1.1" 200 219
::1 - - [08/Mar/2024:01:44:35 +0500] "GET / HTTP/1.1" 200 886
::1 - - [08/Mar/2024:01:44:36 +0500] "GET /sign-in HTTP/1.1" 200 1332
::1 - - [08/Mar/2024:01:44:38 +0500] "POST /auth.php HTTP/1.1" 302 256
::1 - - [08/Mar/2024:01:44:38 +0500] "GET / HTTP/1.1" 200 1015
::1 - - [08/Mar/2024:01:44:39 +0500] "GET /weather?source=yandex&token=53358abba527d2eadd1937d0301dfb51 HTTP/1.1" 200 17775
::1 - - [08/Mar/2024:01:44:43 +0500] "GET /weather?source=yandex&token=53358abba527d2eadd1937d0301dfb52 HTTP/1.1" 200 106
::1 - - [08/Mar/2024:01:48:43 +0500] "GET / HTTP/1.1" 200 1015
::1 - - [08/Mar/2024:01:48:45 +0500] "GET /api HTTP/1.1" 200 1623
::1 - - [08/Mar/2024:01:48:46 +0500] "GET /weather?source=yandex&token=53358abba527d2eadd1937d0301dfb51 HTTP/1.1" 200 111
::1 - - [08/Mar/2024:01:48:56 +0500] "GET /weather?source=yandex&token=53358abba527d2eadd1937d0301dfb51 HTTP/1.1" 200 111
::1 - - [08/Mar/2024:01:48:59 +0500] "GET /weather?source=yandex&token=53358abba527d2eadd1937d0301dfb5s HTTP/1.1" 200 111
::1 - - [08/Mar/2024:01:49:21 +0500] "GET /api HTTP/1.1" 200 1623
::1 - - [08/Mar/2024:01:49:22 +0500] "GET /weather?source=yandex&token=53358abba527d2eadd1937d0301dfb51 HTTP/1.1" 200 111
::1 - - [08/Mar/2024:01:49:35 +0500] "GET /api HTTP/1.1" 200 1623
::1 - - [08/Mar/2024:01:49:36 +0500] "GET /weather?source=openWeatherMap&token=53358abba527d2eadd1937d0301dfb51 HTTP/1.1" 200 111
::1 - - [08/Mar/2024:01:49:52 +0500] "GET /weather?source=yandex&token=53358abba527d2eadd1937d0301dfb51 HTTP/1.1" 200 198
::1 - - [08/Mar/2024:01:49:51 +0500] "GET /api HTTP/1.1" 200 1623
::1 - - [08/Mar/2024:01:49:59 +0500] "GET /api HTTP/1.1" 200 1623
::1 - - [08/Mar/2024:01:50:00 +0500] "GET /weather?source=yandex&token=53358abba527d2eadd1937d0301dfb51 HTTP/1.1" 200 112
::1 - - [08/Mar/2024:01:50:36 +0500] "GET /weather?source=yandex&token=53358abba527d2eadd1937d0301dfb51 HTTP/1.1" 200 148
::1 - - [08/Mar/2024:01:50:47 +0500] "GET /weather?source=yandex&token=53358abba527d2eadd1937d0301dfb51 HTTP/1.1" 200 18072
::1 - - [08/Mar/2024:01:50:52 +0500] "GET /exit HTTP/1.1" 302 766
::1 - - [08/Mar/2024:01:50:52 +0500] "GET / HTTP/1.1" 200 886
::1 - - [08/Mar/2024:01:50:54 +0500] "GET /weather?source=yandex&token=53358abba527d2eadd1937d0301dfb51 HTTP/1.1" 200 111
::1 - - [08/Mar/2024:01:52:22 +0500] "GET /weather?source=yandex&token=53358abba527d2eadd1937d0301dfb51 HTTP/1.1" 200 47
::1 - - [08/Mar/2024:01:52:27 +0500] "GET / HTTP/1.1" 200 886
::1 - - [08/Mar/2024:01:52:30 +0500] "GET /sign-up HTTP/1.1" 200 1467
::1 - - [08/Mar/2024:01:52:32 +0500] "GET /sign-in HTTP/1.1" 200 1332
::1 - - [08/Mar/2024:01:52:33 +0500] "POST /auth.php HTTP/1.1" 302 256
::1 - - [08/Mar/2024:01:52:34 +0500] "GET / HTTP/1.1" 200 1015
::1 - - [08/Mar/2024:01:52:36 +0500] "GET /api HTTP/1.1" 200 1623
::1 - - [08/Mar/2024:01:52:37 +0500] "GET /weather?source=yandex&token=53358abba527d2eadd1937d0301dfb51 HTTP/1.1" 200 18959
::1 - - [08/Mar/2024:01:52:40 +0500] "GET /weather?source=openWeatherMap&token=53358abba527d2eadd1937d0301dfb51 HTTP/1.1" 200 20071
::1 - - [08/Mar/2024:01:52:44 +0500] "GET /weather?source=osenWeatherMap&token=53358abba527d2eadd1937d0301dfb51 HTTP/1.1" 200 2
::1 - - [08/Mar/2024:01:52:50 +0500] "GET /weather?source=allWeatherMap&token=53358abba527d2eadd1937d0301dfb51 HTTP/1.1" 200 2
::1 - - [08/Mar/2024:01:52:55 +0500] "GET /weather?source=all&token=53358abba527d2eadd1937d0301dfb51 HTTP/1.1" 200 39028
::1 - - [08/Mar/2024:01:53:04 +0500] "GET /weather?source=yandex&token=s HTTP/1.1" 200 118
::1 - - [08/Mar/2024:02:08:04 +0500] "GET /index HTTP/1.1" 200 1015
::1 - - [08/Mar/2024:02:08:07 +0500] "GET /sign-up.php HTTP/1.1" 200 1596
::1 - - [08/Mar/2024:02:08:09 +0500] "GET /index HTTP/1.1" 200 1015
::1 - - [08/Mar/2024:02:08:19 +0500] "GET /exit HTTP/1.1" 302 766
::1 - - [08/Mar/2024:02:08:19 +0500] "GET / HTTP/1.1" 200 886
::1 - - [08/Mar/2024:02:08:23 +0500] "GET /sign-in HTTP/1.1" 200 1332
::1 - - [08/Mar/2024:02:08:31 +0500] "POST /auth.php HTTP/1.1" 302 256
::1 - - [08/Mar/2024:02:08:31 +0500] "GET / HTTP/1.1" 200 1015
::1 - - [08/Mar/2024:02:09:56 +0500] "GET /index HTTP/1.1" 200 1015
::1 - - [08/Mar/2024:02:09:58 +0500] "GET /api HTTP/1.1" 200 1623
127.0.0.1 - - [08/Mar/2024:02:32:29 +0500] "\x16\x03\x01\x02:\x01" 400 226
127.0.0.1 - - [08/Mar/2024:02:32:29 +0500] "\x16\x03\x01\x02" 400 226
::1 - - [08/Mar/2024:02:46:27 +0500] "GET / HTTP/1.1" 200 2498
::1 - - [08/Mar/2024:02:48:18 +0500] "GET / HTTP/1.1" 200 2037
::1 - - [08/Mar/2024:02:48:19 +0500] "GET / HTTP/1.1" 200 2037
::1 - - [08/Mar/2024:02:48:19 +0500] "GET / HTTP/1.1" 200 2037
::1 - - [08/Mar/2024:02:48:19 +0500] "GET / HTTP/1.1" 200 2037
::1 - - [08/Mar/2024:02:48:19 +0500] "GET / HTTP/1.1" 200 2037
::1 - - [08/Mar/2024:02:48:30 +0500] "GET / HTTP/1.1" 200 2027
::1 - - [08/Mar/2024:02:48:48 +0500] "GET / HTTP/1.1" 200 2022
::1 - - [08/Mar/2024:02:48:55 +0500] "GET / HTTP/1.1" 200 2022
::1 - - [08/Mar/2024:02:48:56 +0500] "GET / HTTP/1.1" 200 2022
::1 - - [08/Mar/2024:02:48:56 +0500] "GET / HTTP/1.1" 200 2022
::1 - - [08/Mar/2024:02:48:56 +0500] "GET / HTTP/1.1" 200 2022
::1 - - [08/Mar/2024:02:48:56 +0500] "GET / HTTP/1.1" 200 2022
::1 - - [08/Mar/2024:02:49:00 +0500] "GET / HTTP/1.1" 200 2022
::1 - - [08/Mar/2024:02:49:00 +0500] "GET / HTTP/1.1" 200 2022
::1 - - [08/Mar/2024:02:49:00 +0500] "GET / HTTP/1.1" 200 2022
::1 - - [08/Mar/2024:02:49:00 +0500] "GET / HTTP/1.1" 200 2022
::1 - - [08/Mar/2024:02:49:01 +0500] "GET / HTTP/1.1" 200 2022
::1 - - [08/Mar/2024:02:49:06 +0500] "GET / HTTP/1.1" 200 2013
::1 - - [08/Mar/2024:02:49:06 +0500] "GET / HTTP/1.1" 200 2013
::1 - - [08/Mar/2024:02:49:06 +0500] "GET / HTTP/1.1" 200 2013
::1 - - [08/Mar/2024:02:49:09 +0500] "GET / HTTP/1.1" 200 2002
::1 - - [08/Mar/2024:02:49:09 +0500] "GET / HTTP/1.1" 200 2002
::1 - - [08/Mar/2024:02:49:10 +0500] "GET / HTTP/1.1" 200 2002
::1 - - [08/Mar/2024:02:49:10 +0500] "GET / HTTP/1.1" 200 2002
::1 - - [08/Mar/2024:02:49:11 +0500] "GET / HTTP/1.1" 200 1992
::1 - - [08/Mar/2024:02:49:13 +0500] "GET / HTTP/1.1" 200 2001
::1 - - [08/Mar/2024:02:50:00 +0500] "GET / HTTP/1.1" 200 1995
::1 - - [08/Mar/2024:03:07:01 +0500] "GET /api HTTP/1.1" 200 1623
::1 - - [10/Mar/2024:22:58:26 +0500] "GET / HTTP/1.1" 200 1866
::1 - - [10/Mar/2024:22:58:27 +0500] "GET /favicon.ico HTTP/1.1" 404 196
::1 - - [10/Mar/2024:22:59:09 +0500] "GET /sign-in HTTP/1.1" 200 1332
::1 - - [10/Mar/2024:22:59:11 +0500] "POST /auth.php HTTP/1.1" 302 256
::1 - - [10/Mar/2024:22:59:11 +0500] "GET / HTTP/1.1" 200 1995
::1 - - [10/Mar/2024:22:59:13 +0500] "GET /api HTTP/1.1" 200 1623
127.0.0.1 - - [10/Mar/2024:23:07:04 +0500] "GET /api HTTP/1.1" 200 1786
127.0.0.1 - - [10/Mar/2024:23:07:21 +0500] "GET /api HTTP/1.1" 200 1786
127.0.0.1 - - [10/Mar/2024:23:07:22 +0500] "GET /generate-excel.php?token=53358abba527d2eadd1937d0301dfb51 HTTP/1.1" 200 6652
::1 - - [10/Mar/2024:23:09:13 +0500] "GET /api HTTP/1.1" 200 1786
::1 - - [10/Mar/2024:23:09:14 +0500] "GET /generate-excel.php?token=53358abba527d2eadd1937d0301dfb51 HTTP/1.1" 200 207
::1 - - [10/Mar/2024:23:09:34 +0500] "GET /generate-excel.php?token=53358abba527d2eadd1937d0301dfb51 HTTP/1.1" 200 207
::1 - - [10/Mar/2024:23:09:48 +0500] "GET /api HTTP/1.1" 200 1770
::1 - - [10/Mar/2024:23:09:49 +0500] "GET /generate-excel.php?token=53358abba527d2eadd1937d0301dfb51 HTTP/1.1" 200 207
::1 - - [10/Mar/2024:23:10:48 +0500] "GET /api HTTP/1.1" 200 1770
::1 - - [10/Mar/2024:23:10:49 +0500] "GET /generate-excel.php?token=53358abba527d2eadd1937d0301dfb51 HTTP/1.1" 200 207
::1 - - [10/Mar/2024:23:12:33 +0500] "GET /api HTTP/1.1" 200 1770
::1 - - [10/Mar/2024:23:12:33 +0500] "GET /api HTTP/1.1" 200 1770
::1 - - [10/Mar/2024:23:12:35 +0500] "GET /generate-excel.php?token=53358abba527d2eadd1937d0301dfb51 HTTP/1.1" 200 207
::1 - - [10/Mar/2024:23:16:25 +0500] "GET /weather?source=yandex&token=53358abba527d2eadd1937d0301dfb51 HTTP/1.1" 200 890
::1 - - [10/Mar/2024:23:16:33 +0500] "GET /api HTTP/1.1" 200 1770
::1 - - [10/Mar/2024:23:16:34 +0500] "GET /weather?source=yandex&token=53358abba527d2eadd1937d0301dfb51 HTTP/1.1" 200 47
::1 - - [10/Mar/2024:23:16:34 +0500] "GET /generate-excel.php?token=53358abba527d2eadd1937d0301dfb51 HTTP/1.1" 200 230
::1 - - [10/Mar/2024:23:17:16 +0500] "GET /api HTTP/1.1" 200 1770
::1 - - [10/Mar/2024:23:17:17 +0500] "GET /generate-excel.php?token=53358abba527d2eadd1937d0301dfb51 HTTP/1.1" 200 258
::1 - - [10/Mar/2024:23:18:31 +0500] "GET /generate-excel.php?token=53358abba527d2eadd1937d0301dfb51 HTTP/1.1" 200 207
::1 - - [10/Mar/2024:23:18:31 +0500] "GET /api HTTP/1.1" 200 1770
::1 - - [10/Mar/2024:23:19:10 +0500] "GET /weather?source=yandex&token=53358abba527d2eadd1937d0301dfb51 HTTP/1.1" 200 890
::1 - - [10/Mar/2024:23:19:45 +0500] "GET /api HTTP/1.1" 200 1770
::1 - - [10/Mar/2024:23:19:47 +0500] "GET /weather?source=yandex&token=53358abba527d2eadd1937d0301dfb51 HTTP/1.1" 200 47
::1 - - [10/Mar/2024:23:19:47 +0500] "GET /generate-excel.php?token=53358abba527d2eadd1937d0301dfb51 HTTP/1.1" 200 230
::1 - - [10/Mar/2024:23:22:51 +0500] "GET /api HTTP/1.1" 200 1770
::1 - - [10/Mar/2024:23:22:52 +0500] "GET /weather?source=yandex&token=53358abba527d2eadd1937d0301dfb51 HTTP/1.1" 200 1003
::1 - - [10/Mar/2024:23:22:52 +0500] "GET /generate-excel.php?token=53358abba527d2eadd1937d0301dfb51 HTTP/1.1" 200 26
::1 - - [10/Mar/2024:23:38:36 +0500] "GET /api HTTP/1.1" 200 1770
::1 - - [10/Mar/2024:23:38:37 +0500] "GET /api HTTP/1.1" 200 1770
::1 - - [10/Mar/2024:23:38:38 +0500] "GET /generate-excel.php?token=53358abba527d2eadd1937d0301dfb51 HTTP/1.1" 200 6718
::1 - - [10/Mar/2024:23:41:22 +0500] "GET /api HTTP/1.1" 200 1770
::1 - - [10/Mar/2024:23:41:23 +0500] "GET /generate-excel.php?token=53358abba527d2eadd1937d0301dfb51 HTTP/1.1" 200 6719
::1 - - [10/Mar/2024:23:42:16 +0500] "GET /api HTTP/1.1" 200 1826
::1 - - [10/Mar/2024:23:42:53 +0500] "GET /api HTTP/1.1" 200 1882
::1 - - [10/Mar/2024:23:43:12 +0500] "GET /api HTTP/1.1" 200 1882
::1 - - [10/Mar/2024:23:43:16 +0500] "GET /api HTTP/1.1" 200 1884
::1 - - [10/Mar/2024:23:43:28 +0500] "GET /api HTTP/1.1" 200 1862
::1 - - [10/Mar/2024:23:58:37 +0500] "GET /api HTTP/1.1" 200 2140
::1 - - [10/Mar/2024:23:58:38 +0500] "GET /analyzed_weather?q=positive_temp&token=53358abba527d2eadd1937d0301dfb51 HTTP/1.1" 200 407
::1 - - [10/Mar/2024:23:59:26 +0500] "GET /api HTTP/1.1" 302 843
::1 - - [10/Mar/2024:23:59:26 +0500] "GET /sign-in.php HTTP/1.1" 200 1332
::1 - - [10/Mar/2024:23:59:32 +0500] "POST /auth.php HTTP/1.1" 302 256
::1 - - [10/Mar/2024:23:59:32 +0500] "GET / HTTP/1.1" 200 1995
::1 - - [10/Mar/2024:23:59:34 +0500] "GET /api HTTP/1.1" 200 2140
::1 - - [10/Mar/2024:23:59:35 +0500] "GET /analyzed_weather?q=positive_temp&token=53358abba527d2eadd1937d0301dfb51 HTTP/1.1" 200 390
::1 - - [11/Mar/2024:00:01:20 +0500] "GET /analyzed_weather?q=positive_temp&token=53358abba527d2eadd1937d0301dfb51 HTTP/1.1" 200 374
::1 - - [11/Mar/2024:00:01:42 +0500] "GET /analyzed_weather?q=positive_temp&token=53358abba527d2eadd1937d0301dfb51 HTTP/1.1" 200 372
::1 - - [11/Mar/2024:00:01:44 +0500] "GET /api HTTP/1.1" 200 2140
::1 - - [11/Mar/2024:00:01:45 +0500] "GET /analyzed_weather?q=positive_temp&token=53358abba527d2eadd1937d0301dfb51 HTTP/1.1" 200 372
::1 - - [11/Mar/2024:00:01:59 +0500] "GET /analyzed_weather?q=positive_temp&token=53358abba527d2eadd1937d0301dfb51 HTTP/1.1" 200 374
::1 - - [11/Mar/2024:00:03:12 +0500] "GET /api HTTP/1.1" 200 2140
::1 - - [11/Mar/2024:00:03:13 +0500] "GET /analyzed_weather?q=positive_temp&token=53358abba527d2eadd1937d0301dfb51 HTTP/1.1" 200 78
::1 - - [11/Mar/2024:00:08:33 +0500] "GET /analyzed_weather?q=positive_temp&token=53358abba527d2eadd1937d0301dfb51 HTTP/1.1" 200 78
::1 - - [11/Mar/2024:00:15:06 +0500] "GET / HTTP/1.1" 200 1995
::1 - - [11/Mar/2024:00:15:08 +0500] "GET /api HTTP/1.1" 200 2140
::1 - - [11/Mar/2024:00:15:10 +0500] "GET /generate-excel.php?token=53358abba527d2eadd1937d0301dfb51 HTTP/1.1" 200 6719
